C:\Program Files\Microsoft Visual Studio\2022\Community\MSBuild\Microsoft\VC\v170\Microsoft.CppBuild.targets(516,5): warning MSB8004: Intermediate Directory does not end with a trailing slash.  This build instance will add the slash as it is required to allow proper evaluation of the Intermediate Directory.
C:\Program Files\Microsoft Visual Studio\2022\Community\MSBuild\Microsoft\VC\v170\Microsoft.CppBuild.targets(517,5): warning MSB8004: Output Directory does not end with a trailing slash.  This build instance will add the slash as it is required to allow proper evaluation of the Output Directory.
  main.cpp
C:\work\programming\cheats\cs2\CS2_External_Hack\CS2_External_Hack\extra_files\ProcessManager.hpp(8,1): warning C4005: '_is_invalid': macro redefinition
C:\work\programming\cheats\cs2\CS2_External_Hack\CS2_External_Hack\extra_files\ProcessManager.hpp(7,1): message : see previous definition of '_is_invalid'
C:\work\programming\cheats\cs2\CS2_External_Hack\CS2_External_Hack\extra_files\imgui\vector.h(62,11): warning C4244: 'initializing': conversion from 'int' to 'float', possible loss of data
C:\work\programming\cheats\cs2\CS2_External_Hack\CS2_External_Hack\extra_files\imgui\vector.h(63,11): warning C4244: 'initializing': conversion from 'int' to 'float', possible loss of data
C:\work\programming\cheats\cs2\CS2_External_Hack\CS2_External_Hack\extra_files\imgui\Render.h(22,74): warning C4244: 'argument': conversion from 'int' to 'float', possible loss of data
C:\work\programming\cheats\cs2\CS2_External_Hack\CS2_External_Hack\extra_files\imgui\Render.h(22,67): warning C4244: 'argument': conversion from 'int' to 'float', possible loss of data
C:\work\programming\cheats\cs2\CS2_External_Hack\CS2_External_Hack\extra_files\imgui\Render.h(22,54): warning C4244: 'argument': conversion from 'int' to 'float', possible loss of data
C:\work\programming\cheats\cs2\CS2_External_Hack\CS2_External_Hack\extra_files\imgui\Render.h(22,51): warning C4244: 'argument': conversion from 'int' to 'float', possible loss of data
C:\work\programming\cheats\cs2\CS2_External_Hack\CS2_External_Hack\extra_files\imgui\Render.h(27,80): warning C4244: 'argument': conversion from 'int' to 'float', possible loss of data
C:\work\programming\cheats\cs2\CS2_External_Hack\CS2_External_Hack\extra_files\imgui\Render.h(27,73): warning C4244: 'argument': conversion from 'int' to 'float', possible loss of data
C:\work\programming\cheats\cs2\CS2_External_Hack\CS2_External_Hack\extra_files\imgui\Render.h(27,60): warning C4244: 'argument': conversion from 'int' to 'float', possible loss of data
C:\work\programming\cheats\cs2\CS2_External_Hack\CS2_External_Hack\extra_files\imgui\Render.h(27,57): warning C4244: 'argument': conversion from 'int' to 'float', possible loss of data
C:\work\programming\cheats\cs2\CS2_External_Hack\CS2_External_Hack\extra_files\imgui\Render.h(33,130): warning C4244: 'argument': conversion from 'int' to 'float', possible loss of data
C:\work\programming\cheats\cs2\CS2_External_Hack\CS2_External_Hack\extra_files\imgui\Render.h(33,77): warning C4244: 'argument': conversion from 'int' to 'float', possible loss of data
C:\work\programming\cheats\cs2\CS2_External_Hack\CS2_External_Hack\extra_files\imgui\Render.h(38,70): warning C4244: 'argument': conversion from 'int' to 'float', possible loss of data
C:\work\programming\cheats\cs2\CS2_External_Hack\CS2_External_Hack\extra_files\imgui\Render.h(38,66): warning C4244: 'argument': conversion from 'int' to 'float', possible loss of data
C:\work\programming\cheats\cs2\CS2_External_Hack\CS2_External_Hack\extra_files\imgui\Render.h(38,54): warning C4244: 'argument': conversion from 'int' to 'float', possible loss of data
C:\work\programming\cheats\cs2\CS2_External_Hack\CS2_External_Hack\extra_files\imgui\Render.h(38,50): warning C4244: 'argument': conversion from 'int' to 'float', possible loss of data
C:\work\programming\cheats\cs2\CS2_External_Hack\CS2_External_Hack\extra_files\imgui\Render.h(50,95): warning C4244: 'argument': conversion from 'float' to 'int', possible loss of data
C:\work\programming\cheats\cs2\CS2_External_Hack\CS2_External_Hack\src\main.cpp(103,87): warning C4244: 'argument': conversion from 'DWORD64' to 'DWORD', possible loss of data
C:\work\programming\cheats\cs2\CS2_External_Hack\CS2_External_Hack\src\main.cpp(105,32): warning C4244: '=': conversion from 'DWORD64' to 'DWORD', possible loss of data
C:\work\programming\cheats\cs2\CS2_External_Hack\CS2_External_Hack\src\main.cpp(107,93): warning C4244: 'argument': conversion from 'DWORD64' to 'DWORD', possible loss of data
C:\work\programming\cheats\cs2\CS2_External_Hack\CS2_External_Hack\src\main.cpp(127,25): warning C4101: 'flD': unreferenced local variable
C:\work\programming\cheats\cs2\CS2_External_Hack\CS2_External_Hack\src\main.cpp(159,17): warning C4305: '=': truncation from 'double' to 'float'
C:\work\programming\cheats\cs2\CS2_External_Hack\CS2_External_Hack\src\main.cpp(171,17): warning C4305: '=': truncation from 'double' to 'float'
C:\work\programming\cheats\cs2\CS2_External_Hack\CS2_External_Hack\src\main.cpp(207,17): warning C4305: '=': truncation from 'double' to 'float'
C:\work\programming\cheats\cs2\CS2_External_Hack\CS2_External_Hack\src\main.cpp(211,17): warning C4305: '=': truncation from 'double' to 'float'
C:\work\programming\cheats\cs2\CS2_External_Hack\CS2_External_Hack\src\main.cpp(231,17): warning C4305: '=': truncation from 'double' to 'float'
C:\work\programming\cheats\cs2\CS2_External_Hack\CS2_External_Hack\src\main.cpp(281,137): warning C4244: 'return': conversion from 'double' to 'float', possible loss of data
C:\work\programming\cheats\cs2\CS2_External_Hack\CS2_External_Hack\src\main.cpp(288,15): warning C4244: 'argument': conversion from 'float' to 'DWORD', possible loss of data
C:\work\programming\cheats\cs2\CS2_External_Hack\CS2_External_Hack\src\main.cpp(647,43): warning C4838: conversion from 'double' to 'ImU32' requires a narrowing conversion
C:\work\programming\cheats\cs2\CS2_External_Hack\CS2_External_Hack\src\main.cpp(647,43): warning C4244: 'initializing': conversion from 'double' to 'ImU32', possible loss of data
C:\work\programming\cheats\cs2\CS2_External_Hack\CS2_External_Hack\src\main.cpp(647,67): warning C4838: conversion from 'double' to 'ImU32' requires a narrowing conversion
C:\work\programming\cheats\cs2\CS2_External_Hack\CS2_External_Hack\src\main.cpp(647,67): warning C4244: 'initializing': conversion from 'double' to 'ImU32', possible loss of data
C:\work\programming\cheats\cs2\CS2_External_Hack\CS2_External_Hack\src\main.cpp(656,28): warning C4244: 'argument': conversion from 'float' to 'int', possible loss of data
C:\work\programming\cheats\cs2\CS2_External_Hack\CS2_External_Hack\src\main.cpp(655,21): warning C4244: 'argument': conversion from 'float' to 'int', possible loss of data
C:\work\programming\cheats\cs2\CS2_External_Hack\CS2_External_Hack\src\main.cpp(654,34): warning C4244: 'argument': conversion from 'float' to 'int', possible loss of data
C:\work\programming\cheats\cs2\CS2_External_Hack\CS2_External_Hack\src\main.cpp(653,34): warning C4244: 'argument': conversion from 'float' to 'int', possible loss of data
C:\work\programming\cheats\cs2\CS2_External_Hack\CS2_External_Hack\src\main.cpp(677,21): warning C4244: 'argument': conversion from 'float' to 'int', possible loss of data
C:\work\programming\cheats\cs2\CS2_External_Hack\CS2_External_Hack\src\main.cpp(676,31): warning C4244: 'argument': conversion from 'float' to 'int', possible loss of data
C:\work\programming\cheats\cs2\CS2_External_Hack\CS2_External_Hack\src\main.cpp(675,34): warning C4244: 'argument': conversion from 'float' to 'int', possible loss of data
C:\work\programming\cheats\cs2\CS2_External_Hack\CS2_External_Hack\src\main.cpp(706,58): warning C4244: 'argument': conversion from 'float' to 'int', possible loss of data
C:\work\programming\cheats\cs2\CS2_External_Hack\CS2_External_Hack\src\main.cpp(706,52): warning C4244: 'argument': conversion from 'float' to 'int', possible loss of data
C:\work\programming\cheats\cs2\CS2_External_Hack\CS2_External_Hack\src\main.cpp(706,46): warning C4244: 'argument': conversion from 'float' to 'int', possible loss of data
C:\work\programming\cheats\cs2\CS2_External_Hack\CS2_External_Hack\src\main.cpp(706,40): warning C4244: 'argument': conversion from 'float' to 'int', possible loss of data
  CS2_External_Hack.vcxproj -> C:\work\programming\cheats\cs2\CS2_External_Hack\build\CS2_External_Hack.exe
